[31-Mar-2024 20:09:17] NOTICE: fpm is running, pid 68498
[31-Mar-2024 20:09:17] NOTICE: ready to handle connections
[02-Apr-2024 00:40:05] NOTICE: Terminating ...
[02-Apr-2024 00:40:05] NOTICE: Terminating ...
[02-Apr-2024 00:40:05] NOTICE: exiting, bye-bye!
[02-Apr-2024 16:39:01] NOTICE: fpm is running, pid 8599
[02-Apr-2024 16:39:01] NOTICE: ready to handle connections
[09-Apr-2024 16:23:55] NOTICE: fpm is running, pid 20345
[09-Apr-2024 16:23:55] NOTICE: ready to handle connections
[19-Apr-2024 15:49:17] NOTICE: Terminating ...
[19-Apr-2024 15:49:17] NOTICE: Terminating ...
[19-Apr-2024 15:49:17] NOTICE: exiting, bye-bye!
[19-Apr-2024 15:49:19] NOTICE: fpm is running, pid 98174
[19-Apr-2024 15:49:19] NOTICE: ready to handle connections
[23-Apr-2024 16:52:50] NOTICE: Terminating ...
[23-Apr-2024 16:52:50] NOTICE: Terminating ...
[23-Apr-2024 16:52:50] NOTICE: exiting, bye-bye!
[23-Apr-2024 17:36:48] NOTICE: fpm is running, pid 3545
[23-Apr-2024 17:36:48] NOTICE: ready to handle connections
[26-Apr-2024 17:15:27] NOTICE: Terminating ...
[26-Apr-2024 17:15:27] NOTICE: Terminating ...
[26-Apr-2024 17:15:27] NOTICE: exiting, bye-bye!
[25-Jun-2024 16:49:53] NOTICE: fpm is running, pid 84219
[25-Jun-2024 16:49:53] NOTICE: ready to handle connections
